<?xml version="1.0" encoding="UTF-8"?>
<!-- Generated by org.testng.reporters.JUnitXMLReporter -->
<testsuite hostname="IR-347" ignored="0" name="HomePageTest" tests="13" failures="1" timestamp="01 Dec 2017 06:54:28 GMT" time="85.073" errors="0">
  <testcase name="verifyRegistration" time="2.737" classname="com.test.automation.uiAutomation.homepage.TC002_VerifyRegistration">
    <skipped/>
  </testcase> <!-- verifyRegistration -->
  <testcase name="verifyRegistration" time="1.059" classname="com.test.automation.uiAutomation.homepage.TC002_VerifyRegistration">
    <skipped/>
  </testcase> <!-- verifyRegistration -->
  <testcase name="verifyRegistration" time="1.449" classname="com.test.automation.uiAutomation.homepage.TC002_VerifyRegistration">
    <skipped/>
  </testcase> <!-- verifyRegistration -->
  <testcase name="verifyRegistration" time="1.056" classname="com.test.automation.uiAutomation.homepage.TC002_VerifyRegistration">
    <failure type="java.lang.AssertionError" message="verifyRegistration expected [true] but found [false]">
      <![CDATA[java.lang.AssertionError: verifyRegistration expected [true] but found [false]
	at com.test.automation.uiAutomation.homepage.TC002_VerifyRegistration.verifyRegistration(TC002_VerifyRegistration.java:50)
... Removed 28 stack frames]]>
    </failure>
  </testcase> <!-- verifyRegistration -->
  <testcase name="verifyLoginWithDifferentRecords" time="1.151" classname="com.test.automation.uiAutomation.homepage.TC003_VerifyLoginWithDifferentRecords"/>
  <testcase name="verifyLoginWithDifferentRecords" time="0.885" classname="com.test.automation.uiAutomation.homepage.TC003_VerifyLoginWithDifferentRecords"/>
  <testcase name="verifyLoginWithDifferentRecords" time="0.007" classname="com.test.automation.uiAutomation.homepage.TC003_VerifyLoginWithDifferentRecords">
    <skipped/>
  </testcase> <!-- verifyLoginWithDifferentRecords -->
  <testcase name="verifyLoginWithDifferentRecords" time="0.005" classname="com.test.automation.uiAutomation.homepage.TC003_VerifyLoginWithDifferentRecords">
    <skipped/>
  </testcase> <!-- verifyLoginWithDifferentRecords -->
  <testcase name="verifyLoginWithDifferentRecords" time="0.009" classname="com.test.automation.uiAutomation.homepage.TC003_VerifyLoginWithDifferentRecords">
    <skipped/>
  </testcase> <!-- verifyLoginWithDifferentRecords -->
  <testcase name="verifyLoginWithDifferentRecords" time="0.014" classname="com.test.automation.uiAutomation.homepage.TC003_VerifyLoginWithDifferentRecords">
    <skipped/>
  </testcase> <!-- verifyLoginWithDifferentRecords -->
  <testcase name="verifyLoginWithDifferentRecords" time="0.819" classname="com.test.automation.uiAutomation.homepage.TC003_VerifyLoginWithDifferentRecords"/>
  <testcase name="verifyAaddToCart" time="1.176" classname="com.test.automation.uiAutomation.addToCart.TC001_VerifyAaddToCart"/>
  <testcase name="verifyFacebookLink" time="1.135" classname="com.test.automation.uiAutomation.addToCart.TC002_VerifyFacebookLink"/>
</testsuite> <!-- HomePageTest -->
