<?xml version="1.0" encoding="UTF-8"?>
<testng-results skipped="0" failed="0" ignored="0" total="1" passed="1">
  <reporter-output>
  </reporter-output>
  <suite name="Default suite" duration-ms="85" started-at="2017-12-06T10:33:29Z" finished-at="2017-12-06T10:33:29Z">
    <groups>
    </groups>
    <test name="Default test" duration-ms="85" started-at="2017-12-06T10:33:29Z" finished-at="2017-12-06T10:33:29Z">
      <class name="Moduletwo.Helloworld">
        <test-method status="PASS" signature="testex()[pri:0, instance:Moduletwo.Helloworld@42e26948]" name="testex" duration-ms="26" started-at="2017-12-06T16:03:29Z" finished-at="2017-12-06T16:03:29Z">
          <reporter-output>
          </reporter-output>
        </test-method> <!-- testex -->
      </class> <!-- Moduletwo.Helloworld -->
    </test> <!-- Default test -->
  </suite> <!-- Default suite -->
</testng-results>
